bin\Debug\OgreMFC.ilk
bin\Debug\OgreMFC.pdb
C:\USERS\FINNEGAN\DOCUMENTS\VISUAL STUDIO 2010\PROJECTS\OGREMFC\OGREMFC\BIN\DEBUG\OGREMFC.EXE
C:\USERS\FINNEGAN\DOCUMENTS\VISUAL STUDIO 2010\PROJECTS\OGREMFC\OGREMFC\BIN\DEBUG\OGREMFC.ILK
C:\USERS\FINNEGAN\DOCUMENTS\VISUAL STUDIO 2010\PROJECTS\OGREMFC\OGREMFC\BIN\DEBUG\OGREMFC.PDB
C:\Users\Finnegan\documents\visual studio 2010\Projects\OgreMFC\OgreMFC\obj\Debug\cl.command.1.tlog
C:\Users\Finnegan\documents\visual studio 2010\Projects\OgreMFC\OgreMFC\obj\Debug\CL.read.1.tlog
C:\Users\Finnegan\documents\visual studio 2010\Projects\OgreMFC\OgreMFC\obj\Debug\CL.write.1.tlog
C:\Users\Finnegan\documents\visual studio 2010\Projects\OgreMFC\OgreMFC\obj\Debug\link.command.1.tlog
C:\Users\Finnegan\documents\visual studio 2010\Projects\OgreMFC\OgreMFC\obj\Debug\link.read.1.tlog
C:\Users\Finnegan\documents\visual studio 2010\Projects\OgreMFC\OgreMFC\obj\Debug\link.write.1.tlog
C:\Users\Finnegan\documents\visual studio 2010\Projects\OgreMFC\OgreMFC\obj\Debug\link-cvtres.read.1.tlog
C:\Users\Finnegan\documents\visual studio 2010\Projects\OgreMFC\OgreMFC\obj\Debug\link-cvtres.write.1.tlog
C:\USERS\FINNEGAN\DOCUMENTS\VISUAL STUDIO 2010\PROJECTS\OGREMFC\OGREMFC\OBJ\DEBUG\MAINFRM.OBJ
C:\Users\Finnegan\documents\visual studio 2010\Projects\OgreMFC\OgreMFC\obj\Debug\mt.command.1.tlog
C:\Users\Finnegan\documents\visual studio 2010\Projects\OgreMFC\OgreMFC\obj\Debug\mt.read.1.tlog
C:\Users\Finnegan\documents\visual studio 2010\Projects\OgreMFC\OgreMFC\obj\Debug\mt.write.1.tlog
C:\USERS\FINNEGAN\DOCUMENTS\VISUAL STUDIO 2010\PROJECTS\OGREMFC\OGREMFC\OBJ\DEBUG\MYFRAMELISTENER.OBJ
C:\USERS\FINNEGAN\DOCUMENTS\VISUAL STUDIO 2010\PROJECTS\OGREMFC\OGREMFC\OBJ\DEBUG\MYOGREAPP.OBJ
C:\USERS\FINNEGAN\DOCUMENTS\VISUAL STUDIO 2010\PROJECTS\OGREMFC\OGREMFC\OBJ\DEBUG\OGREMFC.EXE.EMBED.MANIFEST
C:\USERS\FINNEGAN\DOCUMENTS\VISUAL STUDIO 2010\PROJECTS\OGREMFC\OGREMFC\OBJ\DEBUG\OGREMFC.EXE.EMBED.MANIFEST.RES
C:\USERS\FINNEGAN\DOCUMENTS\VISUAL STUDIO 2010\PROJECTS\OGREMFC\OGREMFC\OBJ\DEBUG\OGREMFC.EXE.INTERMEDIATE.MANIFEST
C:\USERS\FINNEGAN\DOCUMENTS\VISUAL STUDIO 2010\PROJECTS\OGREMFC\OGREMFC\OBJ\DEBUG\OGREMFC.OBJ
C:\USERS\FINNEGAN\DOCUMENTS\VISUAL STUDIO 2010\PROJECTS\OGREMFC\OGREMFC\OBJ\DEBUG\OGREMFC.PCH
C:\USERS\FINNEGAN\DOCUMENTS\VISUAL STUDIO 2010\PROJECTS\OGREMFC\OGREMFC\OBJ\DEBUG\OGREMFC.RES
C:\Users\Finnegan\documents\visual studio 2010\Projects\OgreMFC\OgreMFC\obj\Debug\OgreMFC.write.1.tlog
C:\Users\Finnegan\documents\visual studio 2010\Projects\OgreMFC\OgreMFC\obj\Debug\OgreMFC_manifest.rc
C:\USERS\FINNEGAN\DOCUMENTS\VISUAL STUDIO 2010\PROJECTS\OGREMFC\OGREMFC\OBJ\DEBUG\OGREMFCDOC.OBJ
C:\USERS\FINNEGAN\DOCUMENTS\VISUAL STUDIO 2010\PROJECTS\OGREMFC\OGREMFC\OBJ\DEBUG\OGREMFCVIEW.OBJ
C:\Users\Finnegan\documents\visual studio 2010\Projects\OgreMFC\OgreMFC\obj\Debug\rc.command.1.tlog
C:\Users\Finnegan\documents\visual studio 2010\Projects\OgreMFC\OgreMFC\obj\Debug\rc.read.1.tlog
C:\Users\Finnegan\documents\visual studio 2010\Projects\OgreMFC\OgreMFC\obj\Debug\rc.write.1.tlog
C:\USERS\FINNEGAN\DOCUMENTS\VISUAL STUDIO 2010\PROJECTS\OGREMFC\OGREMFC\OBJ\DEBUG\STDAFX.OBJ
C:\Users\Finnegan\documents\visual studio 2010\Projects\OgreMFC\OgreMFC\obj\Debug\vc100.idb
C:\USERS\FINNEGAN\DOCUMENTS\VISUAL STUDIO 2010\PROJECTS\OGREMFC\OGREMFC\OBJ\DEBUG\VC100.PDB
