22:23:18: Creating resource group General
22:23:18: Creating resource group Internal
22:23:18: Creating resource group Autodetect
22:23:18: SceneManagerFactory for type 'DefaultSceneManager' registered.
22:23:18: Registering ResourceManager for type Material
22:23:18: Registering ResourceManager for type Mesh
22:23:18: Registering ResourceManager for type Skeleton
22:23:18: MovableObjectFactory for type 'ParticleSystem' registered.
22:23:18: OverlayElementFactory for type Panel registered.
22:23:18: OverlayElementFactory for type BorderPanel registered.
22:23:18: OverlayElementFactory for type TextArea registered.
22:23:18: Registering ResourceManager for type Font
22:23:18: ArchiveFactory for archive type FileSystem registered.
22:23:18: ArchiveFactory for archive type Zip registered.
22:23:18: DDS codec registering
22:23:18: FreeImage version: 3.13.1
22:23:18: This program uses FreeImage, a free, open source image library supporting all common bitmap formats. See http://freeimage.sourceforge.net for details
22:23:18: Supported formats: bmp,ico,jpg,jif,jpeg,jpe,jng,koa,iff,lbm,mng,pbm,pbm,pcd,pcx,pgm,pgm,png,ppm,ppm,ras,tga,targa,tif,tiff,wap,wbmp,wbm,psd,cut,xbm,xpm,gif,hdr,g3,sgi,exr,j2k,j2c,jp2,pfm,pct,pict,pic,bay,bmq,cr2,crw,cs1,dc2,dcr,dng,erf,fff,hdr,k25,kdc,mdc,mos,mrw,nef,orf,pef,pxn,raf,raw,rdc,sr2,srf,arw,3fr,cine,ia,kc2,mef,nrw,qtk,rw2,sti,drf,dsc,ptx,cap,iiq,rwz
22:23:18: Registering ResourceManager for type HighLevelGpuProgram
22:23:18: Registering ResourceManager for type Compositor
22:23:18: MovableObjectFactory for type 'Entity' registered.
22:23:18: MovableObjectFactory for type 'Light' registered.
22:23:18: MovableObjectFactory for type 'BillboardSet' registered.
22:23:18: MovableObjectFactory for type 'ManualObject' registered.
22:23:18: MovableObjectFactory for type 'BillboardChain' registered.
22:23:18: MovableObjectFactory for type 'RibbonTrail' registered.
22:23:18: Loading library .\RenderSystem_Direct3D9_d
22:23:18: Installing plugin: D3D9 RenderSystem
22:23:18: D3D9 : Direct3D9 Rendering Subsystem created.
22:23:18: D3D9: Driver Detection Starts
22:23:18: D3D9: Driver Detection Ends
22:23:18: Plugin successfully installed
22:23:18: Loading library .\RenderSystem_GL_d
22:23:18: Installing plugin: GL RenderSystem
22:23:18: OpenGL Rendering Subsystem created.
22:23:18: Plugin successfully installed
22:23:18: Loading library .\Plugin_ParticleFX_d
22:23:18: Installing plugin: ParticleFX
22:23:18: Particle Emitter Type 'Point' registered
22:23:18: Particle Emitter Type 'Box' registered
22:23:18: Particle Emitter Type 'Ellipsoid' registered
22:23:18: Particle Emitter Type 'Cylinder' registered
22:23:18: Particle Emitter Type 'Ring' registered
22:23:18: Particle Emitter Type 'HollowEllipsoid' registered
22:23:18: Particle Affector Type 'LinearForce' registered
22:23:18: Particle Affector Type 'ColourFader' registered
22:23:18: Particle Affector Type 'ColourFader2' registered
22:23:19: Particle Affector Type 'ColourImage' registered
22:23:19: Particle Affector Type 'ColourInterpolator' registered
22:23:19: Particle Affector Type 'Scaler' registered
22:23:19: Particle Affector Type 'Rotator' registered
22:23:19: Particle Affector Type 'DirectionRandomiser' registered
22:23:19: Particle Affector Type 'DeflectorPlane' registered
22:23:19: Plugin successfully installed
22:23:19: Loading library .\Plugin_BSPSceneManager_d
22:23:19: Installing plugin: BSP Scene Manager
22:23:19: Plugin successfully installed
22:23:19: Loading library .\Plugin_CgProgramManager_d
22:23:19: Installing plugin: Cg Program Manager
22:23:19: Plugin successfully installed
22:23:19: Loading library .\Plugin_PCZSceneManager_d
22:23:19: Installing plugin: Portal Connected Zone Scene Manager
22:23:19: PCZone Factory Type 'ZoneType_Default' registered
22:23:19: Plugin successfully installed
22:23:19: Loading library .\Plugin_OctreeZone_d
22:23:19: Installing plugin: Octree Zone Factory
22:23:19: Plugin successfully installed
22:23:19: Loading library .\Plugin_OctreeSceneManager_d
22:23:19: Installing plugin: Octree & Terrain Scene Manager
22:23:19: Plugin successfully installed
22:23:19: *-*-* OGRE Initialising
22:23:19: *-*-* Version 1.7.3 (Cthugha)
22:23:19: Creating resource group Essential
22:23:19: Added resource location '../../media/thumbnails' of type 'FileSystem' to resource group 'Essential'
22:23:19: Added resource location '../../media/packs/SdkTrays.zip' of type 'Zip' to resource group 'Essential'
22:23:19: Added resource location '../../media' of type 'FileSystem' to resource group 'General'
22:23:19: Creating resource group Popular
22:23:19: Added resource location '../../media/fonts' of type 'FileSystem' to resource group 'Popular'
22:23:19: Added resource location '../../media/materials/programs' of type 'FileSystem' to resource group 'Popular'
22:23:19: Added resource location '../../media/materials/scripts' of type 'FileSystem' to resource group 'Popular'
22:23:19: Added resource location '../../media/materials/textures' of type 'FileSystem' to resource group 'Popular'
22:23:19: Added resource location '../../media/materials/textures/nvidia' of type 'FileSystem' to resource group 'Popular'
22:23:19: Added resource location '../../media/models' of type 'FileSystem' to resource group 'Popular'
22:23:19: Added resource location '../../media/particle' of type 'FileSystem' to resource group 'Popular'
22:23:19: Added resource location '../../media/DeferredShadingMedia' of type 'FileSystem' to resource group 'Popular'
22:23:19: Added resource location '../../media/PCZAppMedia' of type 'FileSystem' to resource group 'Popular'
22:23:19: Added resource location '../../media/RTShaderLib' of type 'FileSystem' to resource group 'Popular'
22:23:19: Added resource location '../../media/RTShaderLib/materials' of type 'FileSystem' to resource group 'Popular'
22:23:19: Added resource location '../../media/packs/cubemap.zip' of type 'Zip' to resource group 'Popular'
22:23:19: Added resource location '../../media/packs/cubemapsJS.zip' of type 'Zip' to resource group 'Popular'
22:23:19: Added resource location '../../media/packs/dragon.zip' of type 'Zip' to resource group 'Popular'
22:23:19: Added resource location '../../media/packs/fresneldemo.zip' of type 'Zip' to resource group 'Popular'
22:23:19: Added resource location '../../media/packs/ogretestmap.zip' of type 'Zip' to resource group 'Popular'
22:23:19: Added resource location '../../media/packs/ogredance.zip' of type 'Zip' to resource group 'Popular'
22:23:19: Added resource location '../../media/packs/Sinbad.zip' of type 'Zip' to resource group 'Popular'
22:23:19: Added resource location '../../media/packs/skybox.zip' of type 'Zip' to resource group 'Popular'
22:23:19: D3D9 : RenderSystem Option: Allow NVPerfHUD = No
22:23:19: D3D9 : RenderSystem Option: FSAA = 0
22:23:19: D3D9 : RenderSystem Option: Floating-point mode = Fastest
22:23:19: D3D9 : RenderSystem Option: Full Screen = Yes
22:23:19: D3D9 : RenderSystem Option: Rendering Device = Monitor-1-Intel(R) HD Graphics 520
22:23:19: D3D9 : RenderSystem Option: Resource Creation Policy = Create on all devices
22:23:19: D3D9 : RenderSystem Option: VSync = No
22:23:19: D3D9 : RenderSystem Option: VSync Interval = 1
22:23:19: D3D9 : RenderSystem Option: Video Mode = 800 x 600 @ 32-bit colour
22:23:19: D3D9 : RenderSystem Option: sRGB Gamma Conversion = No
22:23:20: CPU Identifier & Features
22:23:20: -------------------------
22:23:20:  *   CPU ID: GenuineIntel: Intel(R) Core(TM) i5-6200U CPU @ 2.30GHz
22:23:20:  *      SSE: yes
22:23:20:  *     SSE2: yes
22:23:20:  *     SSE3: yes
22:23:20:  *      MMX: yes
22:23:20:  *   MMXEXT: yes
22:23:20:  *    3DNOW: no
22:23:20:  * 3DNOWEXT: no
22:23:20:  *     CMOV: yes
22:23:20:  *      TSC: yes
22:23:20:  *      FPU: yes
22:23:20:  *      PRO: yes
22:23:20:  *       HT: no
22:23:20: -------------------------
22:23:20: *** Starting Win32GL Subsystem ***
22:23:20: GLRenderSystem::_createRenderWindow "OGRE Render Window", 1024x768 windowed  miscParams: FSAA=0 FSAAHint= colourDepth=32 displayFrequency=0 gamma=false vsync=false vsyncInterval=1 
22:23:21: Created Win32Window 'OGRE Render Window' : 1040x680, 32bpp
22:23:21: GL_VERSION = 4.4.0 - Build 20.19.15.4444
22:23:21: GL_VENDOR = Intel
22:23:21: GL_RENDERER = Intel(R) HD Graphics 520
22:23:21: GL_EXTENSIONS = GL_EXT_blend_minmax GL_EXT_blend_subtract GL_EXT_blend_color GL_EXT_abgr GL_EXT_texture3D GL_EXT_clip_volume_hint GL_EXT_compiled_vertex_array GL_SGIS_texture_edge_clamp GL_SGIS_generate_mipmap GL_EXT_draw_range_elements GL_SGIS_texture_lod GL_EXT_rescale_normal GL_EXT_packed_pixels GL_EXT_texture_edge_clamp GL_EXT_separate_specular_color GL_ARB_multitexture GL_ARB_map_buffer_alignment GL_ARB_conservative_depth GL_EXT_texture_env_combine GL_EXT_bgra GL_EXT_blend_func_separate GL_EXT_secondary_color GL_EXT_fog_coord GL_EXT_texture_env_add GL_ARB_texture_cube_map GL_ARB_transpose_matrix GL_ARB_internalformat_query GL_ARB_internalformat_query2 GL_ARB_texture_env_add GL_IBM_texture_mirrored_repeat GL_ARB_texture_mirrored_repeat GL_EXT_multi_draw_arrays GL_SUN_multi_draw_arrays GL_NV_blend_square GL_ARB_texture_compression GL_3DFX_texture_compression_FXT1 GL_EXT_texture_filter_anisotropic GL_ARB_texture_border_clamp GL_ARB_point_parameters GL_ARB_texture_env_combine GL_ARB_texture_env_dot3 GL_ARB_texture_env_crossbar GL_EXT_texture_compression_s3tc GL_ARB_shadow GL_ARB_window_pos GL_EXT_shadow_funcs GL_EXT_stencil_wrap GL_ARB_vertex_program GL_EXT_texture_rectangle GL_ARB_fragment_program GL_EXT_stencil_two_side GL_ATI_separate_stencil GL_ARB_vertex_buffer_object GL_EXT_texture_lod_bias GL_ARB_occlusion_query GL_ARB_fragment_shader GL_ARB_shader_objects GL_ARB_shading_language_100 GL_ARB_texture_non_power_of_two GL_ARB_vertex_shader GL_NV_texgen_reflection GL_ARB_point_sprite GL_ARB_fragment_program_shadow GL_EXT_blend_equation_separate GL_ARB_depth_texture GL_ARB_texture_rectangle GL_ARB_draw_buffers GL_ARB_color_buffer_float GL_ARB_half_float_pixel GL_ARB_texture_float GL_ARB_pixel_buffer_object GL_EXT_framebuffer_object GL_ARB_draw_instanced GL_ARB_half_float_vertex GL_ARB_occlusion_query2 GL_EXT_draw_buffers2 GL_WIN_swap_hint GL_EXT_texture_sRGB GL_ARB_multisample GL_EXT_packed_float GL_EXT_texture_shared_exponent GL_ARB_texture_rg GL_ARB_texture_compression_rgtc GL_NV_conditional_render GL_ARB_texture_swizzle GL_EXT_texture_swizzle GL_ARB_texture_gather GL_ARB_sync GL_ARB_cl_event GL_ARB_framebuffer_sRGB GL_EXT_packed_depth_stencil GL_ARB_depth_buffer_float GL_EXT_transform_feedback GL_ARB_transform_feedback2 GL_ARB_draw_indirect GL_EXT_framebuffer_blit GL_EXT_framebuffer_multisample GL_ARB_framebuffer_object GL_ARB_framebuffer_no_attachments GL_EXT_texture_array GL_EXT_texture_integer GL_ARB_map_buffer_range GL_ARB_texture_buffer_range GL_EXT_texture_snorm GL_ARB_blend_func_extended GL_INTEL_performance_query GL_ARB_copy_buffer GL_ARB_sampler_objects GL_NV_primitive_restart GL_ARB_seamless_cube_map GL_ARB_seamless_cubemap_per_texture GL_ARB_uniform_buffer_object GL_ARB_depth_clamp GL_ARB_vertex_array_bgra GL_ARB_shader_bit_encoding GL_ARB_draw_buffers_blend GL_ARB_geometry_shader4 GL_EXT_geometry_shader4 GL_ARB_texture_query_lod GL_ARB_explicit_attrib_location GL_ARB_draw_elements_base_vertex GL_EXT_shader_integer_mix GL_ARB_instanced_arrays GL_ARB_base_instance GL_ARB_fragment_coord_conventions GL_EXT_gpu_program_parameters GL_ARB_texture_buffer_object_rgb32 GL_ARB_compatibility GL_ARB_texture_rgb10_a2ui GL_ARB_texture_multisample GL_ARB_vertex_type_2_10_10_10_rev GL_ARB_vertex_type_10f_11f_11f_rev GL_ARB_timer_query GL_ARB_tessellation_shader GL_ARB_vertex_array_object GL_ARB_provoking_vertex GL_ARB_sample_shading GL_ARB_texture_cube_map_array GL_EXT_gpu_shader4 GL_ARB_gpu_shader5 GL_ARB_gpu_shader_fp64 GL_INTEL_fragment_shader_ordering GL_ARB_fragment_shader_interlock GL_ARB_clip_control GL_EXT_shader_framebuffer_fetch GL_ARB_shader_subroutine GL_ARB_transform_feedback3 GL_ARB_get_program_binary GL_ARB_separate_shader_objects GL_ARB_shader_precision GL_ARB_vertex_attrib_64bit GL_ARB_viewport_array GL_ARB_transform_feedback_instanced GL_ARB_compressed_texture_pixel_storage GL_ARB_shader_atomic_counters GL_ARB_shading_language_packing GL_ARB_shader_image_load_store GL_ARB_shading_language_420pack GL_ARB_texture_storage GL_EXT_texture_storage GL_ARB_compute_shader GL_ARB_vertex_attrib_binding GL_ARB_texture_view GL_ARB_fragment_layer_viewport GL_ARB_multi_draw_indirect GL_ARB_program_interface_query GL_ARB_shader_image_size GL_ARB_shader_storage_buffer_object GL_ARB_texture_storage_multisample GL_ARB_buffer_storage GL_AMD_vertex_shader_layer GL_AMD_vertex_shader_viewport_index GL_ARB_query_buffer_object GL_EXT_polygon_offset_clamp GL_ARB_clear_texture GL_ARB_texture_mirror_clamp_to_edge GL_ARB_debug_output GL_ARB_enhanced_layouts GL_KHR_debug GL_ARB_arrays_of_arrays GL_ARB_texture_query_levels GL_ARB_invalidate_subdata GL_ARB_clear_buffer_object GL_AMD_depth_clamp_separate GL_ARB_shader_stencil_export GL_INTEL_map_texture GL_INTEL_conservative_rasterization GL_ARB_texture_compression_bptc GL_ARB_ES2_compatibility GL_ARB_ES3_compatibility GL_ARB_robustness GL_ARB_robust_buffer_access_behavior GL_EXT_texture_sRGB_decode GL_KHR_texture_compression_astc_ldr GL_KHR_texture_compression_astc_hdr GL_ARB_copy_image GL_KHR_blend_equation_advanced GL_EXT_direct_state_access GL_ARB_stencil_texturing GL_ARB_texture_stencil8 GL_ARB_explicit_uniform_location GL_INTEL_multi_rate_fragment_shader GL_ARB_multi_bind GL_ARB_indirect_parameters 
22:23:21: Supported WGL extensions: WGL_EXT_depth_float WGL_ARB_buffer_region WGL_ARB_extensions_string WGL_ARB_make_current_read WGL_ARB_pixel_format WGL_ARB_pbuffer WGL_EXT_extensions_string WGL_EXT_swap_control WGL_EXT_swap_control_tear WGL_ARB_multisample WGL_ARB_pixel_format_float WGL_ARB_framebuffer_sRGB WGL_ARB_create_context WGL_ARB_create_context_profile WGL_EXT_pixel_format_packed_float WGL_EXT_create_context_es_profile WGL_EXT_create_context_es2_profile WGL_NV_DX_interop WGL_INTEL_cl_sharing WGL_NV_DX_interop2 WGL_ARB_create_context_robustness 
22:23:21: ***************************
22:23:21: *** GL Renderer Started ***
22:23:21: ***************************
22:23:21: Registering ResourceManager for type GpuProgram
22:23:21: GLSL support detected
22:23:21: GL: Using GL_EXT_framebuffer_object for rendering to textures (best)
22:23:21: FBO PF_UNKNOWN depth/stencil support: D0S1 D0S4 D0S8 D0S16 D16S0 D16S1 D16S4 D16S8 D16S16 D24S0 D24S1 D24S4 D24S8 D24S16 D32S0 D32S1 D32S4 D32S8 D32S16 Packed-D24S8 
22:23:21: FBO PF_A8 depth/stencil support: D0S0 D0S1 D0S4 D0S8 D0S16 D16S0 D16S1 D16S4 D16S8 D16S16 D24S0 D24S1 D24S4 D24S8 D24S16 D32S0 D32S1 D32S4 D32S8 D32S16 Packed-D24S8 
22:23:21: FBO PF_R5G6B5 depth/stencil support: D0S0 D0S1 D0S4 D0S8 D0S16 D16S0 D16S1 D16S4 D16S8 D16S16 D24S0 D24S1 D24S4 D24S8 D24S16 D32S0 D32S1 D32S4 D32S8 D32S16 Packed-D24S8 
22:23:21: FBO PF_B5G6R5 depth/stencil support: D0S0 D0S1 D0S4 D0S8 D0S16 D16S0 D16S1 D16S4 D16S8 D16S16 D24S0 D24S1 D24S4 D24S8 D24S16 D32S0 D32S1 D32S4 D32S8 D32S16 Packed-D24S8 
22:23:21: FBO PF_A4R4G4B4 depth/stencil support: D0S0 D0S1 D0S4 D0S8 D0S16 D16S0 D16S1 D16S4 D16S8 D16S16 D24S0 D24S1 D24S4 D24S8 D24S16 D32S0 D32S1 D32S4 D32S8 D32S16 Packed-D24S8 
22:23:21: FBO PF_A1R5G5B5 depth/stencil support: D0S0 D0S1 D0S4 D0S8 D0S16 D16S0 D16S1 D16S4 D16S8 D16S16 D24S0 D24S1 D24S4 D24S8 D24S16 D32S0 D32S1 D32S4 D32S8 D32S16 Packed-D24S8 
22:23:21: FBO PF_R8G8B8 depth/stencil support: D0S0 D0S1 D0S4 D0S8 D0S16 D16S0 D16S1 D16S4 D16S8 D16S16 D24S0 D24S1 D24S4 D24S8 D24S16 D32S0 D32S1 D32S4 D32S8 D32S16 Packed-D24S8 
22:23:21: FBO PF_B8G8R8 depth/stencil support: D0S0 D0S1 D0S4 D0S8 D0S16 D16S0 D16S1 D16S4 D16S8 D16S16 D24S0 D24S1 D24S4 D24S8 D24S16 D32S0 D32S1 D32S4 D32S8 D32S16 Packed-D24S8 
22:23:21: FBO PF_A8R8G8B8 depth/stencil support: D0S0 D0S1 D0S4 D0S8 D0S16 D16S0 D16S1 D16S4 D16S8 D16S16 D24S0 D24S1 D24S4 D24S8 D24S16 D32S0 D32S1 D32S4 D32S8 D32S16 Packed-D24S8 
22:23:21: FBO PF_B8G8R8A8 depth/stencil support: D0S0 D0S1 D0S4 D0S8 D0S16 D16S0 D16S1 D16S4 D16S8 D16S16 D24S0 D24S1 D24S4 D24S8 D24S16 D32S0 D32S1 D32S4 D32S8 D32S16 Packed-D24S8 
22:23:21: FBO PF_A2R10G10B10 depth/stencil support: D0S0 D0S1 D0S4 D0S8 D0S16 D16S0 D16S1 D16S4 D16S8 D16S16 D24S0 D24S1 D24S4 D24S8 D24S16 D32S0 D32S1 D32S4 D32S8 D32S16 Packed-D24S8 
22:23:21: FBO PF_A2B10G10R10 depth/stencil support: D0S0 D0S1 D0S4 D0S8 D0S16 D16S0 D16S1 D16S4 D16S8 D16S16 D24S0 D24S1 D24S4 D24S8 D24S16 D32S0 D32S1 D32S4 D32S8 D32S16 Packed-D24S8 
22:23:21: FBO PF_FLOAT16_RGB depth/stencil support: D0S0 D0S1 D0S4 D0S8 D0S16 D16S0 D16S1 D16S4 D16S8 D16S16 D24S0 D24S1 D24S4 D24S8 D24S16 D32S0 D32S1 D32S4 D32S8 D32S16 Packed-D24S8 
22:23:22: FBO PF_FLOAT16_RGBA depth/stencil support: D0S0 D0S1 D0S4 D0S8 D0S16 D16S0 D16S1 D16S4 D16S8 D16S16 D24S0 D24S1 D24S4 D24S8 D24S16 D32S0 D32S1 D32S4 D32S8 D32S16 Packed-D24S8 
22:23:22: FBO PF_FLOAT32_RGB depth/stencil support: D0S0 D0S1 D0S4 D0S8 D0S16 D16S0 D16S1 D16S4 D16S8 D16S16 D24S0 D24S1 D24S4 D24S8 D24S16 D32S0 D32S1 D32S4 D32S8 D32S16 Packed-D24S8 
22:23:22: FBO PF_FLOAT32_RGBA depth/stencil support: D0S0 D0S1 D0S4 D0S8 D0S16 D16S0 D16S1 D16S4 D16S8 D16S16 D24S0 D24S1 D24S4 D24S8 D24S16 D32S0 D32S1 D32S4 D32S8 D32S16 Packed-D24S8 
22:23:22: FBO PF_X8R8G8B8 depth/stencil support: D0S0 D0S1 D0S4 D0S8 D0S16 D16S0 D16S1 D16S4 D16S8 D16S16 D24S0 D24S1 D24S4 D24S8 D24S16 D32S0 D32S1 D32S4 D32S8 D32S16 Packed-D24S8 
22:23:22: FBO PF_X8B8G8R8 depth/stencil support: D0S0 D0S1 D0S4 D0S8 D0S16 D16S0 D16S1 D16S4 D16S8 D16S16 D24S0 D24S1 D24S4 D24S8 D24S16 D32S0 D32S1 D32S4 D32S8 D32S16 Packed-D24S8 
22:23:22: FBO PF_SHORT_RGBA depth/stencil support: D0S0 D0S1 D0S4 D0S8 D0S16 D16S0 D16S1 D16S4 D16S8 D16S16 D24S0 D24S1 D24S4 D24S8 D24S16 D32S0 D32S1 D32S4 D32S8 D32S16 Packed-D24S8 
22:23:22: FBO PF_R3G3B2 depth/stencil support: D0S0 D0S1 D0S4 D0S8 D0S16 D16S0 D16S1 D16S4 D16S8 D16S16 D24S0 D24S1 D24S4 D24S8 D24S16 D32S0 D32S1 D32S4 D32S8 D32S16 Packed-D24S8 
22:23:22: FBO PF_SHORT_RGB depth/stencil support: D0S0 D0S1 D0S4 D0S8 D0S16 D16S0 D16S1 D16S4 D16S8 D16S16 D24S0 D24S1 D24S4 D24S8 D24S16 D32S0 D32S1 D32S4 D32S8 D32S16 Packed-D24S8 
22:23:22: [GL] : Valid FBO targets PF_UNKNOWN PF_A8 PF_R5G6B5 PF_B5G6R5 PF_A4R4G4B4 PF_A1R5G5B5 PF_R8G8B8 PF_B8G8R8 PF_A8R8G8B8 PF_B8G8R8A8 PF_A2R10G10B10 PF_A2B10G10R10 PF_FLOAT16_RGB PF_FLOAT16_RGBA PF_FLOAT32_RGB PF_FLOAT32_RGBA PF_X8R8G8B8 PF_X8B8G8R8 PF_SHORT_RGBA PF_R3G3B2 PF_SHORT_RGB 
22:23:22: RenderSystem capabilities
22:23:22: -------------------------
22:23:22: RenderSystem Name: OpenGL Rendering Subsystem
22:23:22: GPU Vendor: intel
22:23:22: Device Name: Intel(R) HD Graphics 520
22:23:22: Driver Version: 4.4.0.0
22:23:22:  * Fixed function pipeline: yes
22:23:22:  * Hardware generation of mipmaps: no
22:23:22:  * Texture blending: yes
22:23:22:  * Anisotropic texture filtering: yes
22:23:22:  * Dot product texture operation: yes
22:23:22:  * Cube mapping: yes
22:23:22:  * Hardware stencil buffer: yes
22:23:22:    - Stencil depth: 8
22:23:22:    - Two sided stencil support: yes
22:23:22:    - Wrap stencil values: yes
22:23:22:  * Hardware vertex / index buffers: yes
22:23:22:  * Vertex programs: yes
22:23:22:  * Number of floating-point constants for vertex programs: 256
22:23:22:  * Number of integer constants for vertex programs: 0
22:23:22:  * Number of boolean constants for vertex programs: 0
22:23:22:  * Fragment programs: yes
22:23:22:  * Number of floating-point constants for fragment programs: 256
22:23:22:  * Number of integer constants for fragment programs: 0
22:23:22:  * Number of boolean constants for fragment programs: 0
22:23:22:  * Geometry programs: yes
22:23:22:  * Number of floating-point constants for geometry programs: 52428
22:23:22:  * Number of integer constants for geometry programs: 0
22:23:22:  * Number of boolean constants for geometry programs: 0
22:23:22:  * Supported Shader Profiles: arbfp1 arbvp1 glsl gp4gp gpu_gp nvgp4
22:23:22:  * Texture Compression: yes
22:23:22:    - DXT: yes
22:23:22:    - VTC: no
22:23:22:    - PVRTC: no
22:23:22:  * Scissor Rectangle: yes
22:23:22:  * Hardware Occlusion Query: yes
22:23:22:  * User clip planes: yes
22:23:22:  * VET_UBYTE4 vertex element type: yes
22:23:22:  * Infinite far plane projection: yes
22:23:22:  * Hardware render-to-texture: yes
22:23:22:  * Floating point textures: yes
22:23:22:  * Non-power-of-two textures: yes
22:23:22:  * Volume textures: yes
22:23:22:  * Multiple Render Targets: 8
22:23:22:    - With different bit depths: yes
22:23:22:  * Point Sprites: yes
22:23:22:  * Extended point parameters: yes
22:23:22:  * Max Point Size: 255
22:23:22:  * Vertex texture fetch: yes
22:23:22:  * Number of world matrices: 0
22:23:22:  * Number of texture units: 32
22:23:22:  * Stencil buffer depth: 8
22:23:22:  * Number of vertex blend matrices: 0
22:23:22:    - Max vertex textures: 32
22:23:22:    - Vertex textures shared: yes
22:23:22:  * Render to Vertex Buffer : no
22:23:22:  * GL 1.5 without VBO workaround: no
22:23:22:  * Frame Buffer objects: yes
22:23:22:  * Frame Buffer objects (ARB extension): no
22:23:22:  * Frame Buffer objects (ATI extension): no
22:23:22:  * PBuffer support: yes
22:23:22:  * GL 1.5 without HW-occlusion workaround: no
22:23:22: Registering ResourceManager for type Texture
22:23:22: DefaultWorkQueue('Root') initialising on thread 001C0D60.
22:23:22: DefaultWorkQueue('Root')::WorkerFunc - thread 09DE00F0 starting.
22:23:22: DefaultWorkQueue('Root')::WorkerFunc - thread 09DCE7D8 starting.
22:23:22: Particle Renderer Type 'billboard' registered
22:23:22: DefaultWorkQueue('Root')::WorkerFunc - thread 09DCFF20 starting.
22:23:22: DefaultWorkQueue('Root')::WorkerFunc - thread 09ED5DB8 starting.
22:23:22: SceneManagerFactory for type 'BspSceneManager' registered.
22:23:22: Registering ResourceManager for type BspLevel
22:23:22: SceneManagerFactory for type 'PCZSceneManager' registered.
22:23:22: MovableObjectFactory for type 'PCZLight' registered.
22:23:22: MovableObjectFactory for type 'Portal' registered.
22:23:22: MovableObjectFactory for type 'AntiPortal' registered.
22:23:22: PCZone Factory Type 'ZoneType_Octree' registered
22:23:22: PCZone Factory Type 'ZoneType_Terrain' registered
22:23:22: SceneManagerFactory for type 'OctreeSceneManager' registered.
22:23:22: SceneManagerFactory for type 'TerrainSceneManager' registered.
22:23:22: TerrainSceneManager: Registered a new PageSource for type Heightmap
22:23:22: Parsing scripts for resource group Autodetect
22:23:22: Finished parsing scripts for resource group Autodetect
22:23:22: Parsing scripts for resource group Essential
22:23:22: Parsing script SdkTrays.material
22:23:22: Parsing script SdkTrays.fontdef
22:23:22: Parsing script SdkTrays.overlay
22:23:22: Bad element attribute line: '# you can offset the image to change the cursor "hotspot"' for element SdkTrays/Cursor in overlay 
22:23:22: Texture: sdk_cursor.png: Loading 1 faces(PF_A8R8G8B8,32x32x1) with 5 generated mipmaps from Image. Internal format is PF_A8R8G8B8,32x32x1.
22:23:22: Texture: sdk_tray.png: Loading 1 faces(PF_A8R8G8B8,64x64x1) with 5 generated mipmaps from Image. Internal format is PF_A8R8G8B8,64x64x1.
22:23:22: Texture: sdk_button_up.png: Loading 1 faces(PF_A8R8G8B8,128x32x1) with 5 generated mipmaps from Image. Internal format is PF_A8R8G8B8,128x32x1.
22:23:22: Texture: sdk_text_box.png: Loading 1 faces(PF_A8R8G8B8,32x32x1) with 5 generated mipmaps from Image. Internal format is PF_A8R8G8B8,32x32x1.
22:23:22: Texture: sdk_mini_tray.png: Loading 1 faces(PF_A8R8G8B8,32x32x1) with 5 generated mipmaps from Image. Internal format is PF_A8R8G8B8,32x32x1.
22:23:22: Texture: sdk_track.png: Loading 1 faces(PF_A8R8G8B8,16x32x1) with 5 generated mipmaps from Image. Internal format is PF_A8R8G8B8,16x32x1.
22:23:22: Texture: sdk_handle.png: Loading 1 faces(PF_A8R8G8B8,16x16x1) with 4 generated mipmaps from Image. Internal format is PF_A8R8G8B8,16x16x1.
22:23:23: Texture: sdk_mini_text_box.png: Loading 1 faces(PF_A8R8G8B8,32x32x1) with 5 generated mipmaps from Image. Internal format is PF_A8R8G8B8,32x32x1.
22:23:23: Texture: sdk_label.png: Loading 1 faces(PF_A8R8G8B8,32x32x1) with 5 generated mipmaps from Image. Internal format is PF_A8R8G8B8,32x32x1.
22:23:23: Texture: sdk_separator.png: Loading 1 faces(PF_A8R8G8B8,64x16x1) with 5 generated mipmaps from Image. Internal format is PF_A8R8G8B8,64x16x1.
22:23:23: Texture: sdk_logo.png: Loading 1 faces(PF_A8R8G8B8,128x64x1) with 5 generated mipmaps from Image. Internal format is PF_A8R8G8B8,128x64x1.
22:23:23: Texture: sdk_shade.png: Loading 1 faces(PF_A8R8G8B8,64x48x1) with 5 generated mipmaps from Image. Internal format is PF_A8R8G8B8,64x48x1.
22:23:23: Texture: sdk_frame.png: Loading 1 faces(PF_A8R8G8B8,32x32x1) with 5 generated mipmaps from Image. Internal format is PF_A8R8G8B8,32x32x1.
22:23:23: Texture: sdk_mini_text_box_over.png: Loading 1 faces(PF_A8R8G8B8,32x32x1) with 5 generated mipmaps from Image. Internal format is PF_A8R8G8B8,32x32x1.
22:23:23: Texture: sdk_pulse.png: Loading 1 faces(PF_R8G8B8,8x1x1) with 3 generated mipmaps from Image. Internal format is PF_X8R8G8B8,8x1x1.
22:23:23: Finished parsing scripts for resource group Essential
22:23:23: Parsing scripts for resource group General
22:23:23: Finished parsing scripts for resource group General
22:23:23: Parsing scripts for resource group Internal
22:23:23: Finished parsing scripts for resource group Internal
22:23:23: Parsing scripts for resource group Popular
22:23:23: Parsing script Examples.program
22:23:23: GLSL compiling: Ogre/BasicVertexPrograms/AmbientOneTextureGLSL
22:23:23: GLSL compiled : Ogre/BasicVertexPrograms/AmbientOneTextureGLSLWARNING: 0:2: '' :  #version directive missing


22:23:23: GLSL compiling: Ogre/HardwareSkinningTwoWeightsGLSL
22:23:23: GLSL compiled : Ogre/HardwareSkinningTwoWeightsGLSLWARNING: 0:4: '' :  #version directive missing


22:23:23: OGRE EXCEPTION(2:InvalidParametersException): Parameter called ambient does not exist.  in GpuProgramParameters::_findNamedConstantDefinition at ..\..\..\..\OgreMain\src\OgreGpuProgramParams.cpp (line 1435)
22:23:23: Compiler error: invalid parameters in Examples.program(130): setting of constant failed
22:23:23: Parsing script StdQuad_vp.program
22:23:23: Parsing script deferred_post.program
22:23:23: Parsing script ShadowCaster.program
22:23:23: Parsing script ASCII.material
22:23:23: Parsing script ASMSwizzle.material
22:23:23: Parsing script BlackAndWhite.material
22:23:23: Parsing script Bloom.material
22:23:23: GLSL compiling: Blur_ps_glsl
22:23:23: GLSL compiled : Blur_ps_glslWARNING: 0:2: '' :  #version directive missing


22:23:23: GLSL compiling: Blur0_vs_glsl
22:23:23: GLSL compiled : Blur0_vs_glslWARNING: 0:1: '' :  #version directive missing


22:23:23: GLSL compiling: Blur1_vs_glsl
22:23:23: GLSL compiled : Blur1_vs_glslWARNING: 0:1: '' :  #version directive missing


22:23:23: Parsing script Bloom2.material
22:23:24: GLSL compiling: Bloom2_ps20_glsl
22:23:24: GLSL compiled : Bloom2_ps20_glslWARNING: 0:10: '' :  #version directive missing


22:23:24: Parsing script CGSwizzle.material
22:23:24: Parsing script CompositorDemo.material
22:23:24: Parsing script DepthShadowmap.material
22:23:24: GLSL compiling: Ogre/DepthShadowmap/CasterVP_GLSL
22:23:24: GLSL compiled : Ogre/DepthShadowmap/CasterVP_GLSLWARNING: 0:2: '' :  #version directive missing


22:23:24: GLSL compiling: Ogre/DepthShadowmap/CasterFP_GLSL
22:23:24: GLSL compiled : Ogre/DepthShadowmap/CasterFP_GLSLWARNING: 0:3: '' :  #version directive missing


22:23:24: GLSL compiling: Ogre/DepthShadowmap/ReceiverVP_GLSL
22:23:24: GLSL compiled : Ogre/DepthShadowmap/ReceiverVP_GLSLWARNING: 0:2: '' :  #version directive missing


22:23:24: GLSL compiling: Ogre/DepthShadowmap/ReceiverFP_GLSL
22:23:24: GLSL compiled : Ogre/DepthShadowmap/ReceiverFP_GLSLWARNING: 0:2: '' :  #version directive missing


22:23:24: GLSL compiling: Ogre/DepthShadowmap/ReceiverFPPCF_GLSL
22:23:24: GLSL compiled : Ogre/DepthShadowmap/ReceiverFPPCF_GLSLWARNING: 0:2: '' :  #version directive missing


22:23:24: GLSL compiling: Ogre/DepthShadowmap/NormalMapReceiverVP_GLSL
22:23:24: GLSL compiled : Ogre/DepthShadowmap/NormalMapReceiverVP_GLSLWARNING: 0:2: '' :  #version directive missing


22:23:24: GLSL compiling: Ogre/DepthShadowmap/NormalMapReceiverFP_GLSL
22:23:24: GLSL compiled : Ogre/DepthShadowmap/NormalMapReceiverFP_GLSLWARNING: 0:2: '' :  #version directive missing


22:23:24: GLSL compiling: Ogre/DepthShadowmap/NormalMapReceiverFPPCF_GLSL
22:23:24: GLSL compiled : Ogre/DepthShadowmap/NormalMapReceiverFPPCF_GLSLWARNING: 0:2: '' :  #version directive missing


22:23:24: Parsing script Dither.material
22:23:24: Parsing script DOF.material
22:23:24: Parsing script Embossed.material
22:23:24: Parsing script Example-Water.material
22:23:24: Parsing script Examples-Advanced.material
22:23:25: Compiler error: object unsupported by render system in Examples-Advanced.material(383)
22:23:25: Parsing script Examples-DynTex.material
22:23:25: Parsing script Examples-Water.material
22:23:25: Parsing script Examples.material
22:23:26: OGRE EXCEPTION(2:InvalidParametersException): Parameter called camObjPos does not exist.  in GpuProgramParameters::_findNamedConstantDefinition at ..\..\..\..\OgreMain\src\OgreGpuProgramParams.cpp (line 1435)
22:23:26: Compiler error: invalid parameters in Examples.material(837): setting of constant failed
22:23:26: GLSL compiling: Ogre/HardwareSkinningTwoWeightsShadowCasterGLSL
22:23:26: GLSL compiled : Ogre/HardwareSkinningTwoWeightsShadowCasterGLSLWARNING: 0:4: '' :  #version directive missing


22:23:26: Parsing script facial.material
22:23:26: Parsing script Glass.material
22:23:26: Parsing script GLSLSwizzle.material
22:23:26: GLSL compiling: Ogre/GPTest/Swizzle_GP_GLSL
22:23:26: GLSL compiled : Ogre/GPTest/Swizzle_GP_GLSL
22:23:26: GLSL compiling: Ogre/GPTest/Passthrough_VP_GLSL
22:23:26: GLSL compiled : Ogre/GPTest/Passthrough_VP_GLSLWARNING: 0:1: '' :  #version directive missing


22:23:26: Parsing script Halftone.material
22:23:26: Parsing script hdr.material
22:23:27: GLSL compiling: Ogre/Compositor/HDR/downscale2x2LuminenceGLSL_fp
22:23:27: GLSL compiled : Ogre/Compositor/HDR/downscale2x2LuminenceGLSL_fpWARNING: 0:2: '' :  #version directive missing


22:23:27: GLSL compiling: Ogre/Compositor/StdQuad_GLSL_vp
22:23:27: GLSL compiled : Ogre/Compositor/StdQuad_GLSL_vpWARNING: 0:2: '' :  #version directive missing


22:23:27: GLSL compiling: Ogre/Compositor/HDR/downscale3x3GLSL_fp
22:23:27: GLSL compiled : Ogre/Compositor/HDR/downscale3x3GLSL_fpWARNING: 0:2: '' :  #version directive missing


22:23:27: GLSL compiling: Ogre/Compositor/HDR/utils_fp
22:23:27: GLSL compiled : Ogre/Compositor/HDR/utils_fpWARNING: 0:1: '' :  #version directive missing


22:23:27: GLSL compiling: Ogre/Compositor/HDR/downscale3x3brightpassGLSL_fp
22:23:27: GLSL compiled : Ogre/Compositor/HDR/downscale3x3brightpassGLSL_fpWARNING: 0:2: '' :  #version directive missing


22:23:27: GLSL compiling: Ogre/Compositor/HDR/bloomGLSL_fp
22:23:27: GLSL compiled : Ogre/Compositor/HDR/bloomGLSL_fpWARNING: 0:2: '' :  #version directive missing


22:23:27: GLSL compiling: Ogre/Compositor/HDR/utils_fp
22:23:27: GLSL compiled : Ogre/Compositor/HDR/utils_fpWARNING: 0:1: '' :  #version directive missing


22:23:27: GLSL compiling: Ogre/Compositor/HDR/finaltonemappingGLSL_fp
22:23:27: GLSL compiled : Ogre/Compositor/HDR/finaltonemappingGLSL_fpWARNING: 0:2: '' :  #version directive missing


22:23:27: Parsing script HeatVision.material
22:23:27: Parsing script Hurt.material
22:23:27: Parsing script instancing.material
22:23:27: GLSL compiling: InstancingGLSL
22:23:27: GLSL compiled : InstancingGLSLWARNING: 0:1: '' :  #version directive missing


22:23:27: GLSL compiling: InstancingShadowCasterGLSL
22:23:27: GLSL compiled : InstancingShadowCasterGLSLWARNING: 0:1: '' :  #version directive missing


22:23:27: GLSL compiling: CrowdGLSL
22:23:27: GLSL compiled : CrowdGLSLWARNING: 0:2: '' :  #version directive missing


22:23:27: GLSL compiling: CrowdShadowCasterGLSL
22:23:27: GLSL compiled : CrowdShadowCasterGLSLWARNING: 0:2: '' :  #version directive missing


22:23:27: Parsing script Invert.material
22:23:27: Parsing script IsoSurf.material
22:23:27: Problem parsing the following Cg Uniform: '@TMP0' in file Ogre/IsoSurf/TessellateTetrahedraGS
22:23:27: Parsing script Laplace.material
22:23:27: Parsing script MotionBlur.material
22:23:27: Parsing script MRTtest.material
22:23:27: GLSL compiling: Ogre/MRTtest/scenefp/GLSL
22:23:27: GLSL compiled : Ogre/MRTtest/scenefp/GLSLWARNING: 0:3: '#extension' :  'GL_ARB_draw_buffers' is not supported
WARNING: 0:5: '' :  #version directive missing


22:23:27: GLSL compiling: Ogre/MRTtest/quadfp/GLSL
22:23:27: GLSL compiled : Ogre/MRTtest/quadfp/GLSLWARNING: 0:2: '' :  #version directive missing


22:23:27: Parsing script NightVision.material
22:23:27: Parsing script Ocean.material
22:23:27: GLSL compiling: GLSL/OceanVS
22:23:28: GLSL compiled : GLSL/OceanVSWARNING: 0:11: '' :  #version directive missing


22:23:28: GLSL compiling: GLSL/OceanFS
22:23:28: GLSL compiled : GLSL/OceanFSWARNING: 0:11: '' :  #version directive missing


22:23:28: GLSL compiling: GLSL/Ocean2VS
22:23:28: GLSL compiled : GLSL/Ocean2VSWARNING: 0:23: '' :  #version directive missing


22:23:28: GLSL compiling: GLSL/Ocean2FS
22:23:28: GLSL compiled : GLSL/Ocean2FSWARNING: 0:24: '' :  #version directive missing


22:23:28: Parsing script OffsetMapping.material
22:23:28: Compiler error: object unsupported by render system in OffsetMapping.material(18)
22:23:28: GLSL compiling: Examples/OffsetMappingIntegratedShadowsFPglsl
22:23:28: GLSL compiled : Examples/OffsetMappingIntegratedShadowsFPglslWARNING: 0:2: '' :  #version directive missing


22:23:28: GLSL compiling: Examples/OffsetMappingIntegratedShadowsVPglsl
22:23:28: GLSL compiled : Examples/OffsetMappingIntegratedShadowsVPglslWARNING: 0:2: '' :  #version directive missing


22:23:28: Parsing script Ogre.material
22:23:28: Parsing script OldMovie.material
22:23:28: Parsing script OldTV.material
22:23:28: Parsing script ParticleGS.material
22:23:28: Parsing script Penguin.material
22:23:28: Parsing script Posterize.material
22:23:28: Parsing script pssm.material
22:23:28: Parsing script RadialBlur.material
22:23:29: Parsing script RZR-002.material
22:23:29: Parsing script ShaderSystem.material
22:23:29: Parsing script shadows.material
22:23:29: Parsing script SharpenEdges.material
22:23:29: Parsing script sibenik.material
22:23:29: Parsing script smoke.material
22:23:29: Parsing script Tiling.material
22:23:29: Parsing script VarianceShadowmap.material
22:23:30: Parsing script deferreddemo.material
22:23:30: Parsing script deferred_post.material
22:23:30: Parsing script deferred_post_minilight.material
22:23:30: Parsing script ShadowCaster.material
22:23:30: Parsing script ssao.material
22:23:30: Parsing script ROOM.material
22:23:30: Parsing script RTShaderSystem.material
22:23:30: Compiler error: unknown error in RTShaderSystem.material(23): token "rtshader_system" is not recognized
22:23:30: Compiler error: unknown error in RTShaderSystem.material(52): token "rtshader_system" is not recognized
22:23:30: Compiler error: unknown error in RTShaderSystem.material(81): token "rtshader_system" is not recognized
22:23:30: Compiler error: unknown error in RTShaderSystem.material(110): token "rtshader_system" is not recognized
22:23:30: Compiler error: unknown error in RTShaderSystem.material(146): token "rtshader_system" is not recognized
22:23:30: Compiler error: unknown error in RTShaderSystem.material(81): token "rtshader_system" is not recognized
22:23:30: Compiler error: unknown error in RTShaderSystem.material(162): token "rtshader_system" is not recognized
22:23:30: Compiler error: unknown error in RTShaderSystem.material(81): token "rtshader_system" is not recognized
22:23:30: Compiler error: unknown error in RTShaderSystem.material(110): token "rtshader_system" is not recognized
22:23:30: Parsing script RomanBath.material
22:23:30: Parsing script Sinbad.material
22:23:30: Parsing script emitted_emitter.particle
22:23:30: Parsing script Examples-Water.particle
22:23:30: Parsing script Examples.particle
22:23:30: Parsing script smoke.particle
22:23:30: Parsing script Examples.compositor
22:23:31: Parsing script deferred.compositor
22:23:31: Parsing script ssao.compositor
22:23:31: Parsing script sample.fontdef
22:23:31: Finished parsing scripts for resource group Popular
22:23:31: Texture: BeachStones.jpg: Loading 1 faces(PF_R8G8B8,512x512x1) with 5 generated mipmaps from Image. Internal format is PF_X8R8G8B8,512x512x1.
22:23:31: Texture: clouds.jpg: Loading 1 faces(PF_R8G8B8,256x256x1) with 5 generated mipmaps from Image. Internal format is PF_X8R8G8B8,256x256x1.
22:23:31: TerrainSceneManager: Activated PageSource Heightmap
22:23:31: Texture: GreenSkin.jpg: Loading 1 faces(PF_R8G8B8,256x256x1) with 5 generated mipmaps from Image. Internal format is PF_X8R8G8B8,256x256x1.
22:23:31: Texture: grass_1024.jpg: Loading 1 faces(PF_R8G8B8,1024x1024x1) with 5 generated mipmaps from Image. Internal format is PF_X8R8G8B8,1024x1024x1.
22:23:32: Mesh: Loading Sinbad.mesh.
22:23:32: Skeleton: Loading Sinbad.skeleton
22:23:32: WARNING: Sinbad.mesh is an older format ([MeshSerializer_v1.40]); you should upgrade it as soon as possible using the OgreMeshUpgrade tool.
22:23:32: Texture: sinbad_body.tga: Loading 1 faces(PF_R8G8B8,512x512x1) with 5 generated mipmaps from Image. Internal format is PF_X8R8G8B8,512x512x1.
22:23:32: Texture: sinbad_clothes.tga: Loading 1 faces(PF_R8G8B8,512x512x1) with 5 generated mipmaps from Image. Internal format is PF_X8R8G8B8,512x512x1.
22:23:32: Texture: sinbad_sword.tga: Loading 1 faces(PF_R8G8B8,256x256x1) with 5 generated mipmaps from Image. Internal format is PF_X8R8G8B8,256x256x1.
22:23:32: WARNING: the mesh 'Sinbad.mesh' includes vertices with more than 4 bone assignments. The lowest weighted assignments beyond this limit have been removed, so your animation may look slightly different. To eliminate this, reduce the number of bone assignments per vertex on your mesh to 4.
22:23:32: Mesh: Loading knot.mesh.
22:23:32: Texture: MtlPlat2.jpg: Loading 1 faces(PF_R8G8B8,780x511x1) with 5 generated mipmaps from Image. Internal format is PF_X8R8G8B8,780x511x1.
22:23:32: *** Initializing OIS ***
